{"event":"peer.heartbeat","timestamp":"2025-10-26T11:18:58.475Z","sessionId":"ac45ebd0-5955-4199-8d9e-1104a0f81b5f","component":"signaling","peerId":"peer-cjgybj1v","lastSeen":"2025-10-26T11:18:58.473Z","capabilities":["store","relay"],"latencyMs":null,"uptimeMs":696,"successRate":null}
{"event":"peer.heartbeat","timestamp":"2025-10-26T11:18:58.475Z","sessionId":"ac45ebd0-5955-4199-8d9e-1104a0f81b5f","component":"signaling","peerId":"peer-cjgybj1v","lastSeen":"2025-10-26T11:18:58.475Z","capabilities":["store","relay"],"latencyMs":0,"uptimeMs":699,"successRate":null}
{"event":"peer.heartbeat","timestamp":"2025-10-26T11:19:01.059Z","sessionId":"ac45ebd0-5955-4199-8d9e-1104a0f81b5f","component":"signaling","peerId":"peer-v7uhmarw","lastSeen":"2025-10-26T11:19:01.058Z","capabilities":["store","relay"],"latencyMs":null,"uptimeMs":555,"successRate":null}
{"event":"peer.heartbeat","timestamp":"2025-10-26T11:19:01.059Z","sessionId":"ac45ebd0-5955-4199-8d9e-1104a0f81b5f","component":"signaling","peerId":"peer-v7uhmarw","lastSeen":"2025-10-26T11:19:01.059Z","capabilities":["store","relay"],"latencyMs":0,"uptimeMs":556,"successRate":null}
{"event":"peer.heartbeat","timestamp":"2025-10-26T11:19:23.479Z","sessionId":"ac45ebd0-5955-4199-8d9e-1104a0f81b5f","component":"signaling","peerId":"peer-cjgybj1v","lastSeen":"2025-10-26T11:19:23.479Z","capabilities":["store","relay"],"latencyMs":0,"uptimeMs":25703,"successRate":null}
{"event":"peer.heartbeat","timestamp":"2025-10-26T11:19:26.061Z","sessionId":"ac45ebd0-5955-4199-8d9e-1104a0f81b5f","component":"signaling","peerId":"peer-v7uhmarw","lastSeen":"2025-10-26T11:19:26.060Z","capabilities":["store","relay"],"latencyMs":0,"uptimeMs":25557,"successRate":null}
{"event":"peer.heartbeat","timestamp":"2025-10-26T11:19:48.476Z","sessionId":"ac45ebd0-5955-4199-8d9e-1104a0f81b5f","component":"signaling","peerId":"peer-cjgybj1v","lastSeen":"2025-10-26T11:19:48.476Z","capabilities":["store","relay"],"latencyMs":0,"uptimeMs":50700,"successRate":null}
{"event":"peer.heartbeat","timestamp":"2025-10-26T11:19:51.061Z","sessionId":"ac45ebd0-5955-4199-8d9e-1104a0f81b5f","component":"signaling","peerId":"peer-v7uhmarw","lastSeen":"2025-10-26T11:19:51.061Z","capabilities":["store","relay"],"latencyMs":0,"uptimeMs":50558,"successRate":null}
{"event":"peer.heartbeat","timestamp":"2025-10-26T11:20:13.486Z","sessionId":"ac45ebd0-5955-4199-8d9e-1104a0f81b5f","component":"signaling","peerId":"peer-cjgybj1v","lastSeen":"2025-10-26T11:20:13.486Z","capabilities":["store","relay"],"latencyMs":1,"uptimeMs":75710,"successRate":null}
{"event":"peer.heartbeat","timestamp":"2025-10-26T11:20:16.062Z","sessionId":"ac45ebd0-5955-4199-8d9e-1104a0f81b5f","component":"signaling","peerId":"peer-v7uhmarw","lastSeen":"2025-10-26T11:20:16.062Z","capabilities":["store","relay"],"latencyMs":1,"uptimeMs":75558,"successRate":null}
{"event":"peer.heartbeat","timestamp":"2025-10-26T11:20:58.517Z","sessionId":"7800f1f2-26c2-402d-a698-583fcd2b91c6","component":"signaling","peerId":"peer-i5cfj8vj","lastSeen":"2025-10-26T11:20:58.516Z","capabilities":["store","relay"],"latencyMs":null,"uptimeMs":631,"successRate":null}
{"event":"peer.heartbeat","timestamp":"2025-10-26T11:20:58.518Z","sessionId":"7800f1f2-26c2-402d-a698-583fcd2b91c6","component":"signaling","peerId":"peer-i5cfj8vj","lastSeen":"2025-10-26T11:20:58.518Z","capabilities":["store","relay"],"latencyMs":1,"uptimeMs":633,"successRate":null}
{"event":"peer.heartbeat","timestamp":"2025-10-26T11:21:00.778Z","sessionId":"7800f1f2-26c2-402d-a698-583fcd2b91c6","component":"signaling","peerId":"peer-3bn4pbj4","lastSeen":"2025-10-26T11:21:00.777Z","capabilities":["store","relay"],"latencyMs":null,"uptimeMs":552,"successRate":null}
{"event":"peer.heartbeat","timestamp":"2025-10-26T11:21:00.778Z","sessionId":"7800f1f2-26c2-402d-a698-583fcd2b91c6","component":"signaling","peerId":"peer-3bn4pbj4","lastSeen":"2025-10-26T11:21:00.778Z","capabilities":["store","relay"],"latencyMs":0,"uptimeMs":553,"successRate":null}
{"event":"peer.heartbeat","timestamp":"2025-10-26T11:21:23.522Z","sessionId":"7800f1f2-26c2-402d-a698-583fcd2b91c6","component":"signaling","peerId":"peer-i5cfj8vj","lastSeen":"2025-10-26T11:21:23.522Z","capabilities":["store","relay"],"latencyMs":1,"uptimeMs":25638,"successRate":null}
{"event":"peer.heartbeat","timestamp":"2025-10-26T11:21:25.782Z","sessionId":"7800f1f2-26c2-402d-a698-583fcd2b91c6","component":"signaling","peerId":"peer-3bn4pbj4","lastSeen":"2025-10-26T11:21:25.781Z","capabilities":["store","relay"],"latencyMs":0,"uptimeMs":25556,"successRate":null}
{"event":"peer.heartbeat","timestamp":"2025-10-26T11:21:26.925Z","sessionId":"7800f1f2-26c2-402d-a698-583fcd2b91c6","component":"signaling","peerId":"peer-3bn4pbj4","lastSeen":"2025-10-26T11:21:26.925Z","capabilities":["store","relay"],"latencyMs":0,"uptimeMs":25556,"successRate":null}
{"event":"error.event","timestamp":"2025-10-26T11:21:26.925Z","sessionId":"7800f1f2-26c2-402d-a698-583fcd2b91c6","component":"signaling","message":"Peer peer-3bn4pbj4 disconnected","code":"peer_disconnect","peerId":"peer-3bn4pbj4","context":"socket-close"}
{"event":"peer.heartbeat","timestamp":"2025-10-26T11:21:26.930Z","sessionId":"7800f1f2-26c2-402d-a698-583fcd2b91c6","component":"signaling","peerId":"peer-i5cfj8vj","lastSeen":"2025-10-26T11:21:26.930Z","capabilities":["store","relay"],"latencyMs":1,"uptimeMs":25638,"successRate":null}
{"event":"error.event","timestamp":"2025-10-26T11:21:26.930Z","sessionId":"7800f1f2-26c2-402d-a698-583fcd2b91c6","component":"signaling","message":"Peer peer-i5cfj8vj disconnected","code":"peer_disconnect","peerId":"peer-i5cfj8vj","context":"socket-close"}
{"event":"peer.heartbeat","timestamp":"2025-10-26T11:32:33.074Z","sessionId":"ad10bd54-43e7-4e19-9e48-7d3f3395d816","component":"signaling","peerId":"peer-3csryvnv","lastSeen":"2025-10-26T11:32:33.072Z","capabilities":["store","relay"],"latencyMs":null,"uptimeMs":645,"successRate":null}
{"event":"peer.heartbeat","timestamp":"2025-10-26T11:32:33.075Z","sessionId":"ad10bd54-43e7-4e19-9e48-7d3f3395d816","component":"signaling","peerId":"peer-3csryvnv","lastSeen":"2025-10-26T11:32:33.074Z","capabilities":["store","relay"],"latencyMs":0,"uptimeMs":648,"successRate":null}
{"event":"peer.heartbeat","timestamp":"2025-10-26T11:32:35.329Z","sessionId":"ad10bd54-43e7-4e19-9e48-7d3f3395d816","component":"signaling","peerId":"peer-uekyut2k","lastSeen":"2025-10-26T11:32:35.329Z","capabilities":["store","relay"],"latencyMs":null,"uptimeMs":553,"successRate":null}
{"event":"peer.heartbeat","timestamp":"2025-10-26T11:32:35.330Z","sessionId":"ad10bd54-43e7-4e19-9e48-7d3f3395d816","component":"signaling","peerId":"peer-uekyut2k","lastSeen":"2025-10-26T11:32:35.329Z","capabilities":["store","relay"],"latencyMs":null,"uptimeMs":554,"successRate":null}
{"event":"peer.heartbeat","timestamp":"2025-10-26T11:32:58.077Z","sessionId":"ad10bd54-43e7-4e19-9e48-7d3f3395d816","component":"signaling","peerId":"peer-3csryvnv","lastSeen":"2025-10-26T11:32:58.077Z","capabilities":["store","relay"],"latencyMs":0,"uptimeMs":25651,"successRate":null}
{"event":"peer.heartbeat","timestamp":"2025-10-26T11:33:00.331Z","sessionId":"ad10bd54-43e7-4e19-9e48-7d3f3395d816","component":"signaling","peerId":"peer-uekyut2k","lastSeen":"2025-10-26T11:33:00.331Z","capabilities":["store","relay"],"latencyMs":0,"uptimeMs":25555,"successRate":null}
{"event":"peer.heartbeat","timestamp":"2025-10-26T11:33:07.145Z","sessionId":"ad10bd54-43e7-4e19-9e48-7d3f3395d816","component":"signaling","peerId":"peer-uekyut2k","lastSeen":"2025-10-26T11:33:07.145Z","capabilities":["store","relay"],"latencyMs":0,"uptimeMs":25555,"successRate":null}
{"event":"error.event","timestamp":"2025-10-26T11:33:07.145Z","sessionId":"ad10bd54-43e7-4e19-9e48-7d3f3395d816","component":"signaling","message":"Peer peer-uekyut2k disconnected","code":"peer_disconnect","peerId":"peer-uekyut2k","context":"socket-close"}
{"event":"peer.heartbeat","timestamp":"2025-10-26T11:33:07.150Z","sessionId":"ad10bd54-43e7-4e19-9e48-7d3f3395d816","component":"signaling","peerId":"peer-3csryvnv","lastSeen":"2025-10-26T11:33:07.150Z","capabilities":["store","relay"],"latencyMs":0,"uptimeMs":25651,"successRate":null}
{"event":"error.event","timestamp":"2025-10-26T11:33:07.150Z","sessionId":"ad10bd54-43e7-4e19-9e48-7d3f3395d816","component":"signaling","message":"Peer peer-3csryvnv disconnected","code":"peer_disconnect","peerId":"peer-3csryvnv","context":"socket-close"}
{"event":"peer.heartbeat","timestamp":"2025-10-26T11:35:27.740Z","sessionId":"ad10bd54-43e7-4e19-9e48-7d3f3395d816","component":"signaling","peerId":"peer-rbh1hmzf","lastSeen":"2025-10-26T11:35:27.739Z","capabilities":["store","relay"],"latencyMs":null,"uptimeMs":568,"successRate":null}
{"event":"peer.heartbeat","timestamp":"2025-10-26T11:35:27.740Z","sessionId":"ad10bd54-43e7-4e19-9e48-7d3f3395d816","component":"signaling","peerId":"peer-rbh1hmzf","lastSeen":"2025-10-26T11:35:27.740Z","capabilities":["store","relay"],"latencyMs":0,"uptimeMs":569,"successRate":null}
{"event":"peer.heartbeat","timestamp":"2025-10-26T11:35:52.747Z","sessionId":"ad10bd54-43e7-4e19-9e48-7d3f3395d816","component":"signaling","peerId":"peer-rbh1hmzf","lastSeen":"2025-10-26T11:35:52.747Z","capabilities":["store","relay"],"latencyMs":0,"uptimeMs":25576,"successRate":null}
{"event":"peer.heartbeat","timestamp":"2025-10-26T11:36:17.750Z","sessionId":"ad10bd54-43e7-4e19-9e48-7d3f3395d816","component":"signaling","peerId":"peer-rbh1hmzf","lastSeen":"2025-10-26T11:36:17.749Z","capabilities":["store","relay"],"latencyMs":0,"uptimeMs":50579,"successRate":null}
{"event":"peer.heartbeat","timestamp":"2025-10-26T11:36:42.749Z","sessionId":"ad10bd54-43e7-4e19-9e48-7d3f3395d816","component":"signaling","peerId":"peer-rbh1hmzf","lastSeen":"2025-10-26T11:36:42.748Z","capabilities":["store","relay"],"latencyMs":0,"uptimeMs":75578,"successRate":null}
{"event":"peer.heartbeat","timestamp":"2025-10-26T11:37:07.750Z","sessionId":"ad10bd54-43e7-4e19-9e48-7d3f3395d816","component":"signaling","peerId":"peer-rbh1hmzf","lastSeen":"2025-10-26T11:37:07.750Z","capabilities":["store","relay"],"latencyMs":1,"uptimeMs":100579,"successRate":null}
{"event":"peer.heartbeat","timestamp":"2025-10-26T11:37:32.741Z","sessionId":"ad10bd54-43e7-4e19-9e48-7d3f3395d816","component":"signaling","peerId":"peer-rbh1hmzf","lastSeen":"2025-10-26T11:37:32.741Z","capabilities":["store","relay"],"latencyMs":0,"uptimeMs":125570,"successRate":null}
{"event":"peer.heartbeat","timestamp":"2025-10-26T11:37:57.745Z","sessionId":"ad10bd54-43e7-4e19-9e48-7d3f3395d816","component":"signaling","peerId":"peer-rbh1hmzf","lastSeen":"2025-10-26T11:37:57.745Z","capabilities":["store","relay"],"latencyMs":0,"uptimeMs":150574,"successRate":null}
{"event":"peer.heartbeat","timestamp":"2025-10-26T11:38:22.748Z","sessionId":"ad10bd54-43e7-4e19-9e48-7d3f3395d816","component":"signaling","peerId":"peer-rbh1hmzf","lastSeen":"2025-10-26T11:38:22.748Z","capabilities":["store","relay"],"latencyMs":0,"uptimeMs":175577,"successRate":null}
{"event":"peer.heartbeat","timestamp":"2025-10-26T11:38:47.747Z","sessionId":"ad10bd54-43e7-4e19-9e48-7d3f3395d816","component":"signaling","peerId":"peer-rbh1hmzf","lastSeen":"2025-10-26T11:38:47.747Z","capabilities":["store","relay"],"latencyMs":0,"uptimeMs":200576,"successRate":null}
{"event":"peer.heartbeat","timestamp":"2025-10-26T11:39:12.747Z","sessionId":"ad10bd54-43e7-4e19-9e48-7d3f3395d816","component":"signaling","peerId":"peer-rbh1hmzf","lastSeen":"2025-10-26T11:39:12.747Z","capabilities":["store","relay"],"latencyMs":1,"uptimeMs":225576,"successRate":null}
{"event":"peer.heartbeat","timestamp":"2025-10-26T11:39:37.752Z","sessionId":"ad10bd54-43e7-4e19-9e48-7d3f3395d816","component":"signaling","peerId":"peer-rbh1hmzf","lastSeen":"2025-10-26T11:39:37.752Z","capabilities":["store","relay"],"latencyMs":0,"uptimeMs":250581,"successRate":null}
{"event":"peer.heartbeat","timestamp":"2025-10-26T11:40:11.082Z","sessionId":"d4770296-2237-4618-9bc1-f82fe3449c98","component":"signaling","peerId":"peer-6uyz8e03","lastSeen":"2025-10-26T11:40:11.081Z","capabilities":["store","relay"],"latencyMs":null,"uptimeMs":640,"successRate":null}
{"event":"peer.heartbeat","timestamp":"2025-10-26T11:40:11.083Z","sessionId":"d4770296-2237-4618-9bc1-f82fe3449c98","component":"signaling","peerId":"peer-6uyz8e03","lastSeen":"2025-10-26T11:40:11.083Z","capabilities":["store","relay"],"latencyMs":0,"uptimeMs":643,"successRate":null}
{"event":"peer.heartbeat","timestamp":"2025-10-26T11:40:13.693Z","sessionId":"d4770296-2237-4618-9bc1-f82fe3449c98","component":"signaling","peerId":"peer-hdd2m5dj","lastSeen":"2025-10-26T11:40:13.693Z","capabilities":["store","relay"],"latencyMs":null,"uptimeMs":541,"successRate":null}
{"event":"peer.heartbeat","timestamp":"2025-10-26T11:40:13.694Z","sessionId":"d4770296-2237-4618-9bc1-f82fe3449c98","component":"signaling","peerId":"peer-hdd2m5dj","lastSeen":"2025-10-26T11:40:13.694Z","capabilities":["store","relay"],"latencyMs":0,"uptimeMs":542,"successRate":null}
{"event":"peer.heartbeat","timestamp":"2025-10-26T11:40:36.091Z","sessionId":"d4770296-2237-4618-9bc1-f82fe3449c98","component":"signaling","peerId":"peer-6uyz8e03","lastSeen":"2025-10-26T11:40:36.091Z","capabilities":["store","relay"],"latencyMs":0,"uptimeMs":25651,"successRate":null}
{"event":"peer.heartbeat","timestamp":"2025-10-26T11:40:38.695Z","sessionId":"d4770296-2237-4618-9bc1-f82fe3449c98","component":"signaling","peerId":"peer-hdd2m5dj","lastSeen":"2025-10-26T11:40:38.695Z","capabilities":["store","relay"],"latencyMs":0,"uptimeMs":25543,"successRate":null}
{"event":"peer.heartbeat","timestamp":"2025-10-26T11:41:01.093Z","sessionId":"d4770296-2237-4618-9bc1-f82fe3449c98","component":"signaling","peerId":"peer-6uyz8e03","lastSeen":"2025-10-26T11:41:01.092Z","capabilities":["store","relay"],"latencyMs":0,"uptimeMs":50653,"successRate":null}
{"event":"peer.heartbeat","timestamp":"2025-10-26T11:41:03.707Z","sessionId":"d4770296-2237-4618-9bc1-f82fe3449c98","component":"signaling","peerId":"peer-hdd2m5dj","lastSeen":"2025-10-26T11:41:03.706Z","capabilities":["store","relay"],"latencyMs":0,"uptimeMs":50555,"successRate":null}
{"event":"peer.heartbeat","timestamp":"2025-10-26T11:41:26.090Z","sessionId":"d4770296-2237-4618-9bc1-f82fe3449c98","component":"signaling","peerId":"peer-6uyz8e03","lastSeen":"2025-10-26T11:41:26.090Z","capabilities":["store","relay"],"latencyMs":0,"uptimeMs":75650,"successRate":null}
{"event":"peer.heartbeat","timestamp":"2025-10-26T11:41:28.697Z","sessionId":"d4770296-2237-4618-9bc1-f82fe3449c98","component":"signaling","peerId":"peer-hdd2m5dj","lastSeen":"2025-10-26T11:41:28.696Z","capabilities":["store","relay"],"latencyMs":0,"uptimeMs":75544,"successRate":null}
{"event":"error.event","timestamp":"2025-10-26T11:41:36.314Z","sessionId":"030f5725-3a5e-472d-b9d7-c8b01dce41a8","component":"registry","context":"get-domain","message":"DOMAIN_NOT_FOUND","code":"DOMAIN_NOT_FOUND","domain":"prod-test-1761478895807.dweb"}
{"event":"error.event","timestamp":"2025-10-26T11:41:36.326Z","sessionId":"030f5725-3a5e-472d-b9d7-c8b01dce41a8","component":"registry","context":"register-domain","message":"INVALID_SIGNATURE","code":"INVALID_SIGNATURE","domain":"prod-test-1761478895807.dweb"}
{"event":"error.event","timestamp":"2025-10-26T11:41:48.073Z","sessionId":"030f5725-3a5e-472d-b9d7-c8b01dce41a8","component":"registry","context":"get-domain","message":"DOMAIN_NOT_FOUND","code":"DOMAIN_NOT_FOUND","domain":"prod-test-1761478895807.dweb"}
{"event":"peer.heartbeat","timestamp":"2025-10-26T11:41:51.093Z","sessionId":"d4770296-2237-4618-9bc1-f82fe3449c98","component":"signaling","peerId":"peer-6uyz8e03","lastSeen":"2025-10-26T11:41:51.093Z","capabilities":["store","relay"],"latencyMs":1,"uptimeMs":100653,"successRate":null}
{"event":"peer.heartbeat","timestamp":"2025-10-26T11:41:53.708Z","sessionId":"d4770296-2237-4618-9bc1-f82fe3449c98","component":"signaling","peerId":"peer-hdd2m5dj","lastSeen":"2025-10-26T11:41:53.708Z","capabilities":["store","relay"],"latencyMs":0,"uptimeMs":100556,"successRate":null}
{"event":"peer.heartbeat","timestamp":"2025-10-26T11:42:00.201Z","sessionId":"d4770296-2237-4618-9bc1-f82fe3449c98","component":"signaling","peerId":"peer-hdd2m5dj","lastSeen":"2025-10-26T11:42:00.201Z","capabilities":["store","relay"],"latencyMs":0,"uptimeMs":100556,"successRate":null}
{"event":"error.event","timestamp":"2025-10-26T11:42:00.201Z","sessionId":"d4770296-2237-4618-9bc1-f82fe3449c98","component":"signaling","message":"Peer peer-hdd2m5dj disconnected","code":"peer_disconnect","peerId":"peer-hdd2m5dj","context":"socket-close"}
{"event":"peer.heartbeat","timestamp":"2025-10-26T11:42:00.218Z","sessionId":"d4770296-2237-4618-9bc1-f82fe3449c98","component":"signaling","peerId":"peer-6uyz8e03","lastSeen":"2025-10-26T11:42:00.218Z","capabilities":["store","relay"],"latencyMs":1,"uptimeMs":100653,"successRate":null}
{"event":"error.event","timestamp":"2025-10-26T11:42:00.218Z","sessionId":"d4770296-2237-4618-9bc1-f82fe3449c98","component":"signaling","message":"Peer peer-6uyz8e03 disconnected","code":"peer_disconnect","peerId":"peer-6uyz8e03","context":"socket-close"}
{"event":"peer.heartbeat","timestamp":"2025-10-26T11:42:52.896Z","sessionId":"d4770296-2237-4618-9bc1-f82fe3449c98","component":"signaling","peerId":"peer-onqvv403","lastSeen":"2025-10-26T11:42:52.895Z","capabilities":["store","relay"],"latencyMs":null,"uptimeMs":537,"successRate":null}
{"event":"peer.heartbeat","timestamp":"2025-10-26T11:42:52.897Z","sessionId":"d4770296-2237-4618-9bc1-f82fe3449c98","component":"signaling","peerId":"peer-onqvv403","lastSeen":"2025-10-26T11:42:52.897Z","capabilities":["store","relay"],"latencyMs":0,"uptimeMs":539,"successRate":null}
{"event":"peer.heartbeat","timestamp":"2025-10-26T11:43:17.900Z","sessionId":"d4770296-2237-4618-9bc1-f82fe3449c98","component":"signaling","peerId":"peer-onqvv403","lastSeen":"2025-10-26T11:43:17.900Z","capabilities":["store","relay"],"latencyMs":0,"uptimeMs":25543,"successRate":null}
{"event":"peer.heartbeat","timestamp":"2025-10-26T11:43:42.907Z","sessionId":"d4770296-2237-4618-9bc1-f82fe3449c98","component":"signaling","peerId":"peer-onqvv403","lastSeen":"2025-10-26T11:43:42.907Z","capabilities":["store","relay"],"latencyMs":0,"uptimeMs":50549,"successRate":null}
{"event":"peer.heartbeat","timestamp":"2025-10-26T11:44:07.907Z","sessionId":"d4770296-2237-4618-9bc1-f82fe3449c98","component":"signaling","peerId":"peer-onqvv403","lastSeen":"2025-10-26T11:44:07.907Z","capabilities":["store","relay"],"latencyMs":0,"uptimeMs":75550,"successRate":null}
{"event":"peer.heartbeat","timestamp":"2025-10-26T11:44:32.901Z","sessionId":"d4770296-2237-4618-9bc1-f82fe3449c98","component":"signaling","peerId":"peer-onqvv403","lastSeen":"2025-10-26T11:44:32.901Z","capabilities":["store","relay"],"latencyMs":1,"uptimeMs":100543,"successRate":null}
{"event":"peer.heartbeat","timestamp":"2025-10-26T11:44:57.908Z","sessionId":"d4770296-2237-4618-9bc1-f82fe3449c98","component":"signaling","peerId":"peer-onqvv403","lastSeen":"2025-10-26T11:44:57.908Z","capabilities":["store","relay"],"latencyMs":0,"uptimeMs":125550,"successRate":null}
{"event":"peer.heartbeat","timestamp":"2025-10-26T11:45:22.911Z","sessionId":"d4770296-2237-4618-9bc1-f82fe3449c98","component":"signaling","peerId":"peer-onqvv403","lastSeen":"2025-10-26T11:45:22.911Z","capabilities":["store","relay"],"latencyMs":1,"uptimeMs":150553,"successRate":null}
{"event":"peer.heartbeat","timestamp":"2025-10-26T11:45:47.904Z","sessionId":"d4770296-2237-4618-9bc1-f82fe3449c98","component":"signaling","peerId":"peer-onqvv403","lastSeen":"2025-10-26T11:45:47.904Z","capabilities":["store","relay"],"latencyMs":0,"uptimeMs":175546,"successRate":null}
{"event":"peer.heartbeat","timestamp":"2025-10-26T11:46:12.898Z","sessionId":"d4770296-2237-4618-9bc1-f82fe3449c98","component":"signaling","peerId":"peer-onqvv403","lastSeen":"2025-10-26T11:46:12.898Z","capabilities":["store","relay"],"latencyMs":0,"uptimeMs":200540,"successRate":null}
{"event":"peer.heartbeat","timestamp":"2025-10-26T11:46:37.912Z","sessionId":"d4770296-2237-4618-9bc1-f82fe3449c98","component":"signaling","peerId":"peer-onqvv403","lastSeen":"2025-10-26T11:46:37.912Z","capabilities":["store","relay"],"latencyMs":0,"uptimeMs":225555,"successRate":null}
{"event":"peer.heartbeat","timestamp":"2025-10-26T11:47:02.902Z","sessionId":"d4770296-2237-4618-9bc1-f82fe3449c98","component":"signaling","peerId":"peer-onqvv403","lastSeen":"2025-10-26T11:47:02.902Z","capabilities":["store","relay"],"latencyMs":1,"uptimeMs":250544,"successRate":null}
{"event":"peer.heartbeat","timestamp":"2025-10-26T11:47:27.902Z","sessionId":"d4770296-2237-4618-9bc1-f82fe3449c98","component":"signaling","peerId":"peer-onqvv403","lastSeen":"2025-10-26T11:47:27.902Z","capabilities":["store","relay"],"latencyMs":0,"uptimeMs":275544,"successRate":null}
{"event":"peer.heartbeat","timestamp":"2025-10-26T11:47:52.903Z","sessionId":"d4770296-2237-4618-9bc1-f82fe3449c98","component":"signaling","peerId":"peer-onqvv403","lastSeen":"2025-10-26T11:47:52.903Z","capabilities":["store","relay"],"latencyMs":1,"uptimeMs":300545,"successRate":null}
