{"event":"error.event","timestamp":"2025-10-24T10:07:34.445Z","sessionId":"d56f444c-da72-4881-a548-ed1ab787b232","component":"registry","context":"get-manifest","message":"MANIFEST_NOT_FOUND","code":"MANIFEST_NOT_FOUND","manifestId":"tr-1761160881814-lguq4r"}
{"event":"error.event","timestamp":"2025-10-24T10:07:34.450Z","sessionId":"d56f444c-da72-4881-a548-ed1ab787b232","component":"registry","context":"get-manifest","message":"MANIFEST_NOT_FOUND","code":"MANIFEST_NOT_FOUND","manifestId":"tr-1761160881814-lguq4r"}
{"event":"error.event","timestamp":"2025-10-24T10:07:34.453Z","sessionId":"d56f444c-da72-4881-a548-ed1ab787b232","component":"registry","context":"get-manifest","message":"MANIFEST_NOT_FOUND","code":"MANIFEST_NOT_FOUND","manifestId":"tr-1761164576037-tmxv7o"}
{"event":"error.event","timestamp":"2025-10-24T10:07:34.455Z","sessionId":"d56f444c-da72-4881-a548-ed1ab787b232","component":"registry","context":"get-manifest","message":"MANIFEST_NOT_FOUND","code":"MANIFEST_NOT_FOUND","manifestId":"tr-1761234816787-y74fgn"}
{"event":"error.event","timestamp":"2025-10-24T10:07:34.458Z","sessionId":"d56f444c-da72-4881-a548-ed1ab787b232","component":"registry","context":"get-manifest","message":"MANIFEST_NOT_FOUND","code":"MANIFEST_NOT_FOUND","manifestId":"tr-1761294233397-k5iwnf"}
{"event":"error.event","timestamp":"2025-10-24T10:07:34.461Z","sessionId":"d56f444c-da72-4881-a548-ed1ab787b232","component":"registry","context":"get-manifest","message":"MANIFEST_NOT_FOUND","code":"MANIFEST_NOT_FOUND","manifestId":"tr-1761294532364-bk4jcy"}
{"event":"error.event","timestamp":"2025-10-24T10:07:48.110Z","sessionId":"d56f444c-da72-4881-a548-ed1ab787b232","component":"registry","context":"get-manifest","message":"MANIFEST_NOT_FOUND","code":"MANIFEST_NOT_FOUND","manifestId":"tr-1761160881814-lguq4r"}
{"event":"error.event","timestamp":"2025-10-24T10:07:48.112Z","sessionId":"d56f444c-da72-4881-a548-ed1ab787b232","component":"registry","context":"get-manifest","message":"MANIFEST_NOT_FOUND","code":"MANIFEST_NOT_FOUND","manifestId":"tr-1761160881814-lguq4r"}
{"event":"error.event","timestamp":"2025-10-24T10:07:48.114Z","sessionId":"d56f444c-da72-4881-a548-ed1ab787b232","component":"registry","context":"get-manifest","message":"MANIFEST_NOT_FOUND","code":"MANIFEST_NOT_FOUND","manifestId":"tr-1761164576037-tmxv7o"}
{"event":"error.event","timestamp":"2025-10-24T10:07:48.116Z","sessionId":"d56f444c-da72-4881-a548-ed1ab787b232","component":"registry","context":"get-manifest","message":"MANIFEST_NOT_FOUND","code":"MANIFEST_NOT_FOUND","manifestId":"tr-1761234816787-y74fgn"}
{"event":"error.event","timestamp":"2025-10-24T10:07:48.118Z","sessionId":"d56f444c-da72-4881-a548-ed1ab787b232","component":"registry","context":"get-manifest","message":"MANIFEST_NOT_FOUND","code":"MANIFEST_NOT_FOUND","manifestId":"tr-1761294233397-k5iwnf"}
{"event":"error.event","timestamp":"2025-10-24T10:07:48.120Z","sessionId":"d56f444c-da72-4881-a548-ed1ab787b232","component":"registry","context":"get-manifest","message":"MANIFEST_NOT_FOUND","code":"MANIFEST_NOT_FOUND","manifestId":"tr-1761294532364-bk4jcy"}
{"event":"error.event","timestamp":"2025-10-24T10:08:07.806Z","sessionId":"d56f444c-da72-4881-a548-ed1ab787b232","component":"registry","context":"get-manifest","message":"MANIFEST_NOT_FOUND","code":"MANIFEST_NOT_FOUND","manifestId":"tr-1761160881814-lguq4r"}
{"event":"error.event","timestamp":"2025-10-24T10:08:07.809Z","sessionId":"d56f444c-da72-4881-a548-ed1ab787b232","component":"registry","context":"get-manifest","message":"MANIFEST_NOT_FOUND","code":"MANIFEST_NOT_FOUND","manifestId":"tr-1761160881814-lguq4r"}
{"event":"error.event","timestamp":"2025-10-24T10:08:07.811Z","sessionId":"d56f444c-da72-4881-a548-ed1ab787b232","component":"registry","context":"get-manifest","message":"MANIFEST_NOT_FOUND","code":"MANIFEST_NOT_FOUND","manifestId":"tr-1761164576037-tmxv7o"}
{"event":"error.event","timestamp":"2025-10-24T10:08:07.813Z","sessionId":"d56f444c-da72-4881-a548-ed1ab787b232","component":"registry","context":"get-manifest","message":"MANIFEST_NOT_FOUND","code":"MANIFEST_NOT_FOUND","manifestId":"tr-1761234816787-y74fgn"}
{"event":"error.event","timestamp":"2025-10-24T10:08:07.816Z","sessionId":"d56f444c-da72-4881-a548-ed1ab787b232","component":"registry","context":"get-manifest","message":"MANIFEST_NOT_FOUND","code":"MANIFEST_NOT_FOUND","manifestId":"tr-1761294233397-k5iwnf"}
{"event":"error.event","timestamp":"2025-10-24T10:08:07.818Z","sessionId":"d56f444c-da72-4881-a548-ed1ab787b232","component":"registry","context":"get-manifest","message":"MANIFEST_NOT_FOUND","code":"MANIFEST_NOT_FOUND","manifestId":"tr-1761294532364-bk4jcy"}
{"event":"error.event","timestamp":"2025-10-24T10:08:23.328Z","sessionId":"d56f444c-da72-4881-a548-ed1ab787b232","component":"registry","context":"get-domain","message":"DOMAIN_NOT_FOUND","code":"DOMAIN_NOT_FOUND","domain":"localtest.dweb"}
{"event":"error.event","timestamp":"2025-10-24T10:10:13.369Z","sessionId":"d56f444c-da72-4881-a548-ed1ab787b232","component":"registry","context":"get-manifest","message":"MANIFEST_NOT_FOUND","code":"MANIFEST_NOT_FOUND","manifestId":"tr-1761160881814-lguq4r"}
{"event":"error.event","timestamp":"2025-10-24T10:10:13.371Z","sessionId":"d56f444c-da72-4881-a548-ed1ab787b232","component":"registry","context":"get-manifest","message":"MANIFEST_NOT_FOUND","code":"MANIFEST_NOT_FOUND","manifestId":"tr-1761160881814-lguq4r"}
{"event":"error.event","timestamp":"2025-10-24T10:10:13.374Z","sessionId":"d56f444c-da72-4881-a548-ed1ab787b232","component":"registry","context":"get-manifest","message":"MANIFEST_NOT_FOUND","code":"MANIFEST_NOT_FOUND","manifestId":"tr-1761164576037-tmxv7o"}
{"event":"error.event","timestamp":"2025-10-24T10:10:13.376Z","sessionId":"d56f444c-da72-4881-a548-ed1ab787b232","component":"registry","context":"get-manifest","message":"MANIFEST_NOT_FOUND","code":"MANIFEST_NOT_FOUND","manifestId":"tr-1761234816787-y74fgn"}
{"event":"error.event","timestamp":"2025-10-24T10:10:13.378Z","sessionId":"d56f444c-da72-4881-a548-ed1ab787b232","component":"registry","context":"get-manifest","message":"MANIFEST_NOT_FOUND","code":"MANIFEST_NOT_FOUND","manifestId":"tr-1761294233397-k5iwnf"}
{"event":"error.event","timestamp":"2025-10-24T10:10:13.381Z","sessionId":"d56f444c-da72-4881-a548-ed1ab787b232","component":"registry","context":"get-manifest","message":"MANIFEST_NOT_FOUND","code":"MANIFEST_NOT_FOUND","manifestId":"tr-1761294532364-bk4jcy"}
