{"event":"peer.heartbeat","timestamp":"2025-10-24T10:06:51.652Z","sessionId":"70cb377b-c4aa-4f3d-8b5d-601f399025e0","component":"signaling","peerId":"peer-h7o9srvr","lastSeen":"2025-10-24T10:06:51.650Z","capabilities":["store","relay"],"latencyMs":null,"uptimeMs":573,"successRate":null}
{"event":"peer.heartbeat","timestamp":"2025-10-24T10:06:51.653Z","sessionId":"70cb377b-c4aa-4f3d-8b5d-601f399025e0","component":"signaling","peerId":"peer-h7o9srvr","lastSeen":"2025-10-24T10:06:51.653Z","capabilities":["store","relay"],"latencyMs":1,"uptimeMs":575,"successRate":null}
{"event":"peer.heartbeat","timestamp":"2025-10-24T10:07:16.663Z","sessionId":"70cb377b-c4aa-4f3d-8b5d-601f399025e0","component":"signaling","peerId":"peer-h7o9srvr","lastSeen":"2025-10-24T10:07:16.663Z","capabilities":["store","relay"],"latencyMs":1,"uptimeMs":25586,"successRate":null}
{"event":"peer.heartbeat","timestamp":"2025-10-24T10:07:41.660Z","sessionId":"70cb377b-c4aa-4f3d-8b5d-601f399025e0","component":"signaling","peerId":"peer-h7o9srvr","lastSeen":"2025-10-24T10:07:41.660Z","capabilities":["store","relay"],"latencyMs":1,"uptimeMs":50583,"successRate":null}
{"event":"peer.heartbeat","timestamp":"2025-10-24T10:07:58.224Z","sessionId":"70cb377b-c4aa-4f3d-8b5d-601f399025e0","component":"signaling","peerId":"peer-h7o9srvr","lastSeen":"2025-10-24T10:07:58.224Z","capabilities":["store","relay"],"latencyMs":1,"uptimeMs":50583,"successRate":null}
{"event":"error.event","timestamp":"2025-10-24T10:07:58.224Z","sessionId":"70cb377b-c4aa-4f3d-8b5d-601f399025e0","component":"signaling","message":"Peer peer-h7o9srvr disconnected","code":"peer_disconnect","peerId":"peer-h7o9srvr","context":"socket-close"}
{"event":"peer.heartbeat","timestamp":"2025-10-24T10:07:58.766Z","sessionId":"70cb377b-c4aa-4f3d-8b5d-601f399025e0","component":"signaling","peerId":"peer-emc3nxck","lastSeen":"2025-10-24T10:07:58.765Z","capabilities":["store","relay"],"latencyMs":null,"uptimeMs":553,"successRate":null}
{"event":"peer.heartbeat","timestamp":"2025-10-24T10:07:58.766Z","sessionId":"70cb377b-c4aa-4f3d-8b5d-601f399025e0","component":"signaling","peerId":"peer-emc3nxck","lastSeen":"2025-10-24T10:07:58.766Z","capabilities":["store","relay"],"latencyMs":0,"uptimeMs":553,"successRate":null}
{"event":"peer.heartbeat","timestamp":"2025-10-24T10:08:01.097Z","sessionId":"70cb377b-c4aa-4f3d-8b5d-601f399025e0","component":"signaling","peerId":"peer-68g6a8ls","lastSeen":"2025-10-24T10:08:01.096Z","capabilities":["store","relay"],"latencyMs":null,"uptimeMs":539,"successRate":null}
{"event":"peer.heartbeat","timestamp":"2025-10-24T10:08:01.097Z","sessionId":"70cb377b-c4aa-4f3d-8b5d-601f399025e0","component":"signaling","peerId":"peer-68g6a8ls","lastSeen":"2025-10-24T10:08:01.097Z","capabilities":["store","relay"],"latencyMs":0,"uptimeMs":540,"successRate":null}
{"event":"peer.heartbeat","timestamp":"2025-10-24T10:08:24.536Z","sessionId":"70cb377b-c4aa-4f3d-8b5d-601f399025e0","component":"signaling","peerId":"peer-emc3nxck","lastSeen":"2025-10-24T10:08:24.536Z","capabilities":["store","relay"],"latencyMs":0,"uptimeMs":26323,"successRate":null}
{"event":"peer.heartbeat","timestamp":"2025-10-24T10:08:26.099Z","sessionId":"70cb377b-c4aa-4f3d-8b5d-601f399025e0","component":"signaling","peerId":"peer-68g6a8ls","lastSeen":"2025-10-24T10:08:26.099Z","capabilities":["store","relay"],"latencyMs":0,"uptimeMs":25542,"successRate":null}
{"event":"peer.heartbeat","timestamp":"2025-10-24T10:08:49.222Z","sessionId":"70cb377b-c4aa-4f3d-8b5d-601f399025e0","component":"signaling","peerId":"peer-emc3nxck","lastSeen":"2025-10-24T10:08:49.222Z","capabilities":["store","relay"],"latencyMs":0,"uptimeMs":51010,"successRate":null}
{"event":"peer.heartbeat","timestamp":"2025-10-24T10:08:51.110Z","sessionId":"70cb377b-c4aa-4f3d-8b5d-601f399025e0","component":"signaling","peerId":"peer-68g6a8ls","lastSeen":"2025-10-24T10:08:51.110Z","capabilities":["store","relay"],"latencyMs":1,"uptimeMs":50553,"successRate":null}
{"event":"peer.heartbeat","timestamp":"2025-10-24T10:09:14.220Z","sessionId":"70cb377b-c4aa-4f3d-8b5d-601f399025e0","component":"signaling","peerId":"peer-emc3nxck","lastSeen":"2025-10-24T10:09:14.219Z","capabilities":["store","relay"],"latencyMs":0,"uptimeMs":76007,"successRate":null}
{"event":"peer.heartbeat","timestamp":"2025-10-24T10:09:16.109Z","sessionId":"70cb377b-c4aa-4f3d-8b5d-601f399025e0","component":"signaling","peerId":"peer-68g6a8ls","lastSeen":"2025-10-24T10:09:16.109Z","capabilities":["store","relay"],"latencyMs":0,"uptimeMs":75552,"successRate":null}
{"event":"peer.heartbeat","timestamp":"2025-10-24T10:09:39.224Z","sessionId":"70cb377b-c4aa-4f3d-8b5d-601f399025e0","component":"signaling","peerId":"peer-emc3nxck","lastSeen":"2025-10-24T10:09:39.224Z","capabilities":["store","relay"],"latencyMs":0,"uptimeMs":101011,"successRate":null}
{"event":"peer.heartbeat","timestamp":"2025-10-24T10:09:41.112Z","sessionId":"70cb377b-c4aa-4f3d-8b5d-601f399025e0","component":"signaling","peerId":"peer-68g6a8ls","lastSeen":"2025-10-24T10:09:41.112Z","capabilities":["store","relay"],"latencyMs":0,"uptimeMs":100555,"successRate":null}
{"event":"peer.heartbeat","timestamp":"2025-10-24T10:10:03.767Z","sessionId":"70cb377b-c4aa-4f3d-8b5d-601f399025e0","component":"signaling","peerId":"peer-emc3nxck","lastSeen":"2025-10-24T10:10:03.767Z","capabilities":["store","relay"],"latencyMs":1,"uptimeMs":125554,"successRate":null}
{"event":"peer.heartbeat","timestamp":"2025-10-24T10:10:06.106Z","sessionId":"70cb377b-c4aa-4f3d-8b5d-601f399025e0","component":"signaling","peerId":"peer-68g6a8ls","lastSeen":"2025-10-24T10:10:06.106Z","capabilities":["store","relay"],"latencyMs":1,"uptimeMs":125549,"successRate":null}
{"event":"peer.heartbeat","timestamp":"2025-10-24T10:10:09.851Z","sessionId":"70cb377b-c4aa-4f3d-8b5d-601f399025e0","component":"signaling","peerId":"peer-68g6a8ls","lastSeen":"2025-10-24T10:10:09.851Z","capabilities":["store","relay"],"latencyMs":1,"uptimeMs":125549,"successRate":null}
{"event":"error.event","timestamp":"2025-10-24T10:10:09.851Z","sessionId":"70cb377b-c4aa-4f3d-8b5d-601f399025e0","component":"signaling","message":"Peer peer-68g6a8ls disconnected","code":"peer_disconnect","peerId":"peer-68g6a8ls","context":"socket-close"}
{"event":"peer.heartbeat","timestamp":"2025-10-24T10:10:28.769Z","sessionId":"70cb377b-c4aa-4f3d-8b5d-601f399025e0","component":"signaling","peerId":"peer-emc3nxck","lastSeen":"2025-10-24T10:10:28.769Z","capabilities":["store","relay"],"latencyMs":1,"uptimeMs":150556,"successRate":null}
{"event":"peer.heartbeat","timestamp":"2025-10-24T10:10:53.775Z","sessionId":"70cb377b-c4aa-4f3d-8b5d-601f399025e0","component":"signaling","peerId":"peer-emc3nxck","lastSeen":"2025-10-24T10:10:53.775Z","capabilities":["store","relay"],"latencyMs":0,"uptimeMs":175562,"successRate":null}
{"event":"peer.heartbeat","timestamp":"2025-10-24T10:11:18.769Z","sessionId":"70cb377b-c4aa-4f3d-8b5d-601f399025e0","component":"signaling","peerId":"peer-emc3nxck","lastSeen":"2025-10-24T10:11:18.769Z","capabilities":["store","relay"],"latencyMs":1,"uptimeMs":200556,"successRate":null}
{"event":"peer.heartbeat","timestamp":"2025-10-24T10:11:43.779Z","sessionId":"70cb377b-c4aa-4f3d-8b5d-601f399025e0","component":"signaling","peerId":"peer-emc3nxck","lastSeen":"2025-10-24T10:11:43.779Z","capabilities":["store","relay"],"latencyMs":0,"uptimeMs":225567,"successRate":null}
{"event":"peer.heartbeat","timestamp":"2025-10-24T10:12:08.769Z","sessionId":"70cb377b-c4aa-4f3d-8b5d-601f399025e0","component":"signaling","peerId":"peer-emc3nxck","lastSeen":"2025-10-24T10:12:08.769Z","capabilities":["store","relay"],"latencyMs":1,"uptimeMs":250556,"successRate":null}
